{"level":"info","ts":"2024-08-11T22:42:18.225+0500","logger":"auth_service","caller":"/home/muhammadjon/MoneyMate/moneymate_budgeting_service/services/account.go:24","msg":"Create account request received","user_id":"7996dcd6-f1df-45e3-bdcf-d241bb0712cc"}
{"level":"info","ts":"2024-08-12T05:59:13.414+0500","logger":"auth_service","caller":"/home/muhammadjon/MoneyMate/moneymate_budgeting_service/services/account.go:25","msg":"Create account request received","user_id":"178843e8-b6ad-4413-89a7-34c60729c1d4"}
{"level":"info","ts":"2024-08-12T06:00:21.968+0500","logger":"auth_service","caller":"/home/muhammadjon/MoneyMate/moneymate_budgeting_service/services/account.go:43","msg":"Get account by ID request received","id":"66b95e615e0406316d5f15c2"}
{"level":"info","ts":"2024-08-12T06:00:38.857+0500","logger":"auth_service","caller":"/home/muhammadjon/MoneyMate/moneymate_budgeting_service/services/account.go:67","msg":"Update account request received","account":"id:\"%7Bid%7D\" user_id:\"string\" name:\"string\" type:\"string\" currency:\"string\" created_at:\"string\" updated_at:\"string\""}
{"level":"info","ts":"2024-08-12T06:02:53.415+0500","logger":"auth_service","caller":"/home/muhammadjon/MoneyMate/moneymate_budgeting_service/services/account.go:67","msg":"Update account request received","account":"id:\"%7Bid%7D\" user_id:\"string\" name:\"string\" type:\"string\" currency:\"string\" created_at:\"string\" updated_at:\"string\""}
{"level":"info","ts":"2024-08-12T06:06:29.532+0500","logger":"auth_service","caller":"/home/muhammadjon/MoneyMate/moneymate_budgeting_service/services/account.go:25","msg":"Create account request received","user_id":"178843e8-b6ad-4413-89a7-34c60729c1d4"}
{"level":"info","ts":"2024-08-12T06:06:48.642+0500","logger":"auth_service","caller":"/home/muhammadjon/MoneyMate/moneymate_budgeting_service/services/account.go:67","msg":"Update account request received","account":"id:\"66b960155e0406316d5f15c3\" user_id:\"string\" name:\"string\" type:\"string\" currency:\"string\" created_at:\"string\" updated_at:\"string\""}
{"level":"info","ts":"2024-08-12T06:08:21.393+0500","logger":"auth_service","caller":"/home/muhammadjon/MoneyMate/moneymate_budgeting_service/services/account.go:43","msg":"Get account by ID request received","id":"66b960155e0406316d5f15c3"}
{"level":"info","ts":"2024-08-12T06:10:03.006+0500","logger":"auth_service","caller":"/home/muhammadjon/MoneyMate/moneymate_budgeting_service/services/account.go:67","msg":"Update account request received","account":"id:\"66b960155e0406316d5f15c3\" user_id:\"string\" name:\"string\" type:\"string\" currency:\"string\" created_at:\"string\" updated_at:\"string\""}
{"level":"info","ts":"2024-08-12T06:12:50.165+0500","logger":"auth_service","caller":"/home/muhammadjon/MoneyMate/moneymate_budgeting_service/services/account.go:67","msg":"Update account request received","account":"id:\"66b960155e0406316d5f15c3\" user_id:\"string\" name:\"string\" type:\"string\" balance:10 currency:\"string\" created_at:\"string\" updated_at:\"string\""}
{"level":"info","ts":"2024-08-12T06:14:17.740+0500","logger":"auth_service","caller":"/home/muhammadjon/MoneyMate/moneymate_budgeting_service/services/account.go:43","msg":"Get account by ID request received","id":"66b960155e0406316d5f15c3"}
{"level":"info","ts":"2024-08-12T06:30:18.716+0500","logger":"auth_service","caller":"/home/muhammadjon/MoneyMate/moneymate_budgeting_service/services/account.go:55","msg":"Get all accounts request received","filter":"page:1 limit:11 name:\"string\" balance_from:1 balance_to:111 currency:\"string\""}
{"level":"info","ts":"2024-08-12T06:30:34.533+0500","logger":"auth_service","caller":"/home/muhammadjon/MoneyMate/moneymate_budgeting_service/services/account.go:43","msg":"Get account by ID request received","id":"66b960155e0406316d5f15c3"}
{"level":"info","ts":"2024-08-12T06:32:38.796+0500","logger":"auth_service","caller":"/home/muhammadjon/MoneyMate/moneymate_budgeting_service/services/budget.go:24","msg":"Create budget request received","user_id":"178843e8-b6ad-4413-89a7-34c60729c1d4"}
{"level":"info","ts":"2024-08-12T06:32:51.994+0500","logger":"auth_service","caller":"/home/muhammadjon/MoneyMate/moneymate_budgeting_service/services/budget.go:49","msg":"Get all budgets request received","filter":"page:1 limit:11"}
{"level":"info","ts":"2024-08-12T06:33:07.095+0500","logger":"auth_service","caller":"/home/muhammadjon/MoneyMate/moneymate_budgeting_service/services/budget.go:37","msg":"Get budget by ID request received","id":"66b966365e0406316d5f15c4"}
{"level":"info","ts":"2024-08-12T06:37:11.818+0500","logger":"auth_service","caller":"/home/muhammadjon/MoneyMate/moneymate_budgeting_service/services/budget.go:24","msg":"Create budget request received","user_id":"178843e8-b6ad-4413-89a7-34c60729c1d4"}
{"level":"info","ts":"2024-08-12T06:37:33.833+0500","logger":"auth_service","caller":"/home/muhammadjon/MoneyMate/moneymate_budgeting_service/services/budget.go:49","msg":"Get all budgets request received","filter":"page:1 limit:11 start_date:\"01-01-2024\" end_date:\"01-03-2024\""}
{"level":"info","ts":"2024-08-12T06:37:42.751+0500","logger":"auth_service","caller":"/home/muhammadjon/MoneyMate/moneymate_budgeting_service/services/budget.go:49","msg":"Get all budgets request received","filter":"page:1 limit:11 start_date:\"01-01-2024\" end_date:\"01-04-2024\""}
{"level":"info","ts":"2024-08-12T06:37:53.292+0500","logger":"auth_service","caller":"/home/muhammadjon/MoneyMate/moneymate_budgeting_service/services/budget.go:49","msg":"Get all budgets request received","filter":"page:1 limit:11 start_date:\"01-01-2024\" end_date:\"01-02-2024\""}
{"level":"info","ts":"2024-08-12T06:38:18.825+0500","logger":"auth_service","caller":"/home/muhammadjon/MoneyMate/moneymate_budgeting_service/services/budget.go:61","msg":"Update budget request received","budget":"id:\"%7Bid%7D\" user_id:\"178843e8-b6ad-4413-89a7-34c60729c1d4\" category_id:\"string\" period:\"string\" start_date:\"01-01-2024\" end_date:\"01-03-2024\" created_at:\"2024-08-12T06:37:11+05:00\" updated_at:\"2024-08-12T06:37:11+05:00\""}
{"level":"info","ts":"2024-08-12T06:39:53.605+0500","logger":"auth_service","caller":"/home/muhammadjon/MoneyMate/moneymate_budgeting_service/services/budget.go:49","msg":"Get all budgets request received","filter":"page:1 limit:11"}
{"level":"info","ts":"2024-08-12T06:40:13.813+0500","logger":"auth_service","caller":"/home/muhammadjon/MoneyMate/moneymate_budgeting_service/services/budget.go:61","msg":"Update budget request received","budget":"id:\"66b966365e0406316d5f15c4\" user_id:\"178843e8-b6ad-4413-89a7-34c60729c1d4\" category_id:\"string\" period:\"string\" start_date:\"string\" end_date:\"string\""}
{"level":"info","ts":"2024-08-12T11:12:08.057+0500","logger":"budgeting_service","caller":"/home/muhammadjon/MoneyMate/moneymate_budgeting_service/services/category.go:24","msg":"Create category request received","user_id":"178843e8-b6ad-4413-89a7-34c60729c1d4"}
{"level":"info","ts":"2024-08-12T11:12:22.063+0500","logger":"budgeting_service","caller":"/home/muhammadjon/MoneyMate/moneymate_budgeting_service/services/category.go:48","msg":"Get all categories request received","filter":"page:1  limit:11"}
{"level":"info","ts":"2024-08-12T11:12:36.267+0500","logger":"budgeting_service","caller":"/home/muhammadjon/MoneyMate/moneymate_budgeting_service/services/category.go:36","msg":"Get category by ID request received","id":"66b9a7b84c2bb89c42a7f8f4"}
{"level":"info","ts":"2024-08-12T11:12:54.032+0500","logger":"budgeting_service","caller":"/home/muhammadjon/MoneyMate/moneymate_budgeting_service/services/category.go:60","msg":"Update category request received","category":"id:\"66b9a7b84c2bb89c42a7f8f4\"  user_id:\"string\"  name:\"string\"  type:\"string\"  created_at:\"string\"  updated_at:\"string\""}
{"level":"info","ts":"2024-08-12T11:13:04.049+0500","logger":"budgeting_service","caller":"/home/muhammadjon/MoneyMate/moneymate_budgeting_service/services/category.go:78","msg":"Delete category request received","id":"66b9a7b84c2bb89c42a7f8f4"}
{"level":"info","ts":"2024-08-12T11:13:11.491+0500","logger":"budgeting_service","caller":"/home/muhammadjon/MoneyMate/moneymate_budgeting_service/services/category.go:36","msg":"Get category by ID request received","id":"66b9a7b84c2bb89c42a7f8f4"}
